TN:
SF:src/presentation/controllers/signup/signup-protocols.ts
FN:1,(empty-report)
FNF:1
FNH:0
FNDA:0,(empty-report)
DA:1,0
DA:2,0
DA:3,0
DA:4,0
LF:4
LH:0
BRDA:1,0,0,0
BRF:1
BRH:0
end_of_record
TN:
SF:src/presentation/controllers/signup/signup.ts
FN:9,SignUpController
FN:14,handle
FNF:2
FNH:2
FNDA:10,SignUpController
FNDA:10,handle
DA:1,1
DA:2,1
DA:3,1
DA:4,1
DA:5,1
DA:6,1
DA:7,1
DA:8,1
DA:9,1
DA:10,10
DA:11,10
DA:12,10
DA:13,1
DA:14,1
DA:15,10
DA:16,10
DA:17,10
DA:18,10
DA:19,34
DA:20,4
DA:21,4
DA:22,34
DA:23,10
DA:24,1
DA:25,1
DA:26,5
DA:27,10
DA:28,1
DA:29,1
DA:30,2
DA:31,2
DA:32,2
DA:33,2
DA:34,10
DA:35,10
DA:36,1
LF:36
LH:36
BRDA:9,0,0,10
BRDA:14,1,0,10
BRDA:18,2,0,34
BRDA:19,3,0,4
BRDA:23,4,0,6
BRDA:23,5,0,1
BRDA:26,6,0,5
BRDA:27,7,0,1
BRDA:30,8,0,2
BRF:9
BRH:9
end_of_record
TN:
SF:src/presentation/errors/index.ts
FNF:0
FNH:0
DA:1,1
DA:2,1
DA:3,1
LF:3
LH:3
BRF:0
BRH:0
end_of_record
