TN:
SF:src/presentation/controllers/signup/signup-protocols.ts
FN:1,(empty-report)
FNF:1
FNH:0
FNDA:0,(empty-report)
DA:1,0
DA:2,0
DA:3,0
DA:4,0
LF:4
LH:0
BRDA:1,0,0,0
BRF:1
BRH:0
end_of_record
TN:
SF:src/presentation/controllers/signup/signup.ts
FN:9,SignUpController
FN:14,handle
FNF:2
FNH:2
FNDA:11,SignUpController
FNDA:11,handle
DA:1,1
DA:2,1
DA:3,1
DA:4,1
DA:5,1
DA:6,1
DA:7,1
DA:8,1
DA:9,1
DA:10,11
DA:11,11
DA:12,11
DA:13,1
DA:14,1
DA:15,11
DA:16,11
DA:17,11
DA:18,11
DA:19,38
DA:20,4
DA:21,4
DA:22,38
DA:23,11
DA:24,1
DA:25,1
DA:26,6
DA:27,11
DA:28,1
DA:29,1
DA:30,4
DA:31,4
DA:32,11
DA:33,2
DA:34,2
DA:35,11
DA:36,11
DA:37,1
LF:37
LH:37
BRDA:9,0,0,11
BRDA:14,1,0,11
BRDA:18,2,0,38
BRDA:19,3,0,4
BRDA:23,4,0,7
BRDA:23,5,0,1
BRDA:26,6,0,6
BRDA:27,7,0,1
BRDA:30,8,0,4
BRDA:32,9,0,2
BRF:10
BRH:10
end_of_record
TN:
SF:src/presentation/errors/index.ts
FNF:0
FNH:0
DA:1,1
DA:2,1
DA:3,1
LF:3
LH:3
BRF:0
BRH:0
end_of_record
TN:
SF:src/presentation/helpers/http-helper.ts
FN:4,badRequest
FN:9,serverError
FN:14,ok
FNF:3
FNH:3
FNDA:6,badRequest
FNDA:2,serverError
FNDA:3,ok
DA:1,1
DA:2,1
DA:3,1
DA:4,1
DA:5,6
DA:6,6
DA:7,6
DA:8,1
DA:9,1
DA:10,2
DA:11,2
DA:12,2
DA:13,1
DA:14,1
DA:15,3
DA:16,3
DA:17,3
LF:17
LH:17
BRDA:4,0,0,6
BRDA:9,1,0,2
BRDA:14,2,0,3
BRF:3
BRH:3
end_of_record
